<?xml version="1.0" encoding="UTF-8"?>
<!-- Generated by org.testng.reporters.JUnitXMLReporter -->
<testsuite ignored="0" hostname="MilanThakkar" failures="0" tests="3" name="Default test" time="21.062" errors="0" timestamp="2022-03-10T18:04:53 EST">
  <testcase classname="tests.GmailLoginTest" name="blankEmailTest" time="0.744"/>
  <testcase classname="tests.GmailLoginTest" name="wrongEmailTest" time="0.453"/>
  <testcase classname="tests.GmailLoginTest" name="specialCharEmailTest" time="0.399"/>
</testsuite> <!-- Default test -->
