<?xml version="1.0" encoding="UTF-8"?>
<!-- Generated by org.testng.reporters.JUnitXMLReporter -->
<testsuite ignored="0" hostname="MilanThakkar" failures="0" tests="3" name="Test" time="17.431" errors="0" timestamp="09 Mar. 2022 00:57:47 GMT">
  <testcase classname="tests.GmailLoginTest" name="blankEmailTest" time="0.346"/>
  <testcase classname="tests.GmailLoginTest" name="wrongEmailTest" time="0.346"/>
  <testcase classname="tests.GmailLoginTest" name="specialCharEmailTest" time="0.356"/>
</testsuite> <!-- Test -->
