<?xml version="1.0" encoding="UTF-8"?>
<testng-results ignored="0" total="3" passed="3" failed="0" skipped="0">
  <reporter-output>
  </reporter-output>
  <suite started-at="2022-03-10T18:04:32 EST" name="Default suite" finished-at="2022-03-10T18:04:53 EST" duration-ms="21062">
    <groups>
    </groups>
    <test started-at="2022-03-10T18:04:32 EST" name="Default test" finished-at="2022-03-10T18:04:53 EST" duration-ms="21062">
      <class name="tests.GmailLoginTest">
        <test-method is-config="true" signature="beforeMethod()[pri:0, instance:tests.GmailLoginTest@3ad2e17]" started-at="2022-03-10T18:04:32 EST" name="beforeMethod" finished-at="2022-03-10T18:04:38 EST" duration-ms="6206" status="PASS">
          <reporter-output>
          </reporter-output>
        </test-method> <!-- beforeMethod -->
        <test-method signature="blankEmailTest()[pri:1, instance:tests.GmailLoginTest@3ad2e17]" started-at="2022-03-10T18:04:38 EST" name="blankEmailTest" finished-at="2022-03-10T18:04:39 EST" duration-ms="744" status="PASS">
          <reporter-output>
          </reporter-output>
        </test-method> <!-- blankEmailTest -->
        <test-method is-config="true" signature="afterMethod()[pri:0, instance:tests.GmailLoginTest@3ad2e17]" started-at="2022-03-10T18:04:39 EST" name="afterMethod" finished-at="2022-03-10T18:04:40 EST" duration-ms="915" status="PASS">
          <reporter-output>
          </reporter-output>
        </test-method> <!-- afterMethod -->
        <test-method is-config="true" signature="beforeMethod()[pri:0, instance:tests.GmailLoginTest@3ad2e17]" started-at="2022-03-10T18:04:40 EST" name="beforeMethod" finished-at="2022-03-10T18:04:45 EST" duration-ms="5223" status="PASS">
          <reporter-output>
          </reporter-output>
        </test-method> <!-- beforeMethod -->
        <test-method signature="wrongEmailTest()[pri:2, instance:tests.GmailLoginTest@3ad2e17]" started-at="2022-03-10T18:04:45 EST" name="wrongEmailTest" finished-at="2022-03-10T18:04:46 EST" duration-ms="453" status="PASS">
          <reporter-output>
          </reporter-output>
        </test-method> <!-- wrongEmailTest -->
        <test-method is-config="true" signature="afterMethod()[pri:0, instance:tests.GmailLoginTest@3ad2e17]" started-at="2022-03-10T18:04:46 EST" name="afterMethod" finished-at="2022-03-10T18:04:47 EST" duration-ms="1139" status="PASS">
          <reporter-output>
          </reporter-output>
        </test-method> <!-- afterMethod -->
        <test-method is-config="true" signature="beforeMethod()[pri:0, instance:tests.GmailLoginTest@3ad2e17]" started-at="2022-03-10T18:04:47 EST" name="beforeMethod" finished-at="2022-03-10T18:04:52 EST" duration-ms="5146" status="PASS">
          <reporter-output>
          </reporter-output>
        </test-method> <!-- beforeMethod -->
        <test-method signature="specialCharEmailTest()[pri:3, instance:tests.GmailLoginTest@3ad2e17]" started-at="2022-03-10T18:04:52 EST" name="specialCharEmailTest" finished-at="2022-03-10T18:04:52 EST" duration-ms="399" status="PASS">
          <reporter-output>
          </reporter-output>
        </test-method> <!-- specialCharEmailTest -->
        <test-method is-config="true" signature="afterMethod()[pri:0, instance:tests.GmailLoginTest@3ad2e17]" started-at="2022-03-10T18:04:52 EST" name="afterMethod" finished-at="2022-03-10T18:04:53 EST" duration-ms="792" status="PASS">
          <reporter-output>
          </reporter-output>
        </test-method> <!-- afterMethod -->
      </class> <!-- tests.GmailLoginTest -->
    </test> <!-- Default test -->
  </suite> <!-- Default suite -->
</testng-results>
